INFO:     Will watch for changes in these directories: ['/app']
INFO:     Uvicorn running on http://127.0.0.1:8000 (Press CTRL+C to quit)
INFO:     Started reloader process [3907857] using WatchFiles
Iniciando Servidor Coyprot SaaS en http://127.0.0.1:8000
INFO:     Started server process [3908403]
INFO:     Waiting for application startup.
2026-04-02 19:06:26,663 [INFO] Verificando/Creando tablas de Base de Datos...
INFO:     Application startup complete.
INFO:     127.0.0.1:36106 - "GET /login HTTP/1.1" 200 OK
INFO:     127.0.0.1:36106 - "POST /api/auth/login HTTP/1.1" 200 OK
INFO:     127.0.0.1:36106 - "GET /dashboard HTTP/1.1" 200 OK
INFO:     127.0.0.1:36106 - "GET /api/auth/me HTTP/1.1" 200 OK
INFO:     127.0.0.1:52118 - "GET /api/projects/ HTTP/1.1" 200 OK
INFO:     127.0.0.1:38944 - "GET /login HTTP/1.1" 200 OK
INFO:     127.0.0.1:38944 - "POST /api/auth/login HTTP/1.1" 200 OK
INFO:     127.0.0.1:38944 - "GET /dashboard HTTP/1.1" 200 OK
INFO:     127.0.0.1:38944 - "GET /api/auth/me HTTP/1.1" 200 OK
INFO:     127.0.0.1:38956 - "GET /api/projects/ HTTP/1.1" 200 OK
INFO:     127.0.0.1:33038 - "GET /login HTTP/1.1" 200 OK
INFO:     127.0.0.1:33038 - "POST /api/auth/login HTTP/1.1" 200 OK
INFO:     127.0.0.1:33038 - "GET /dashboard HTTP/1.1" 200 OK
INFO:     127.0.0.1:33040 - "GET /api/projects/ HTTP/1.1" 200 OK
INFO:     127.0.0.1:33038 - "GET /api/auth/me HTTP/1.1" 200 OK
INFO:     127.0.0.1:33482 - "GET /login HTTP/1.1" 200 OK
INFO:     127.0.0.1:33482 - "POST /api/auth/login HTTP/1.1" 200 OK
INFO:     127.0.0.1:33482 - "GET /dashboard HTTP/1.1" 200 OK
INFO:     127.0.0.1:35986 - "GET /api/projects/ HTTP/1.1" 200 OK
INFO:     127.0.0.1:33482 - "GET /api/auth/me HTTP/1.1" 200 OK
INFO:     127.0.0.1:48834 - "GET /login HTTP/1.1" 200 OK
INFO:     127.0.0.1:48834 - "POST /api/auth/login HTTP/1.1" 200 OK
INFO:     127.0.0.1:48834 - "GET /dashboard HTTP/1.1" 200 OK
INFO:     127.0.0.1:48834 - "GET /api/auth/me HTTP/1.1" 200 OK
INFO:     127.0.0.1:48846 - "GET /api/projects/ HTTP/1.1" 200 OK
WARNING:  WatchFiles detected changes in 'src/reports/report_generator.py'. Reloading...
INFO:     Shutting down
INFO:     Waiting for application shutdown.
2026-04-03 04:27:16,263 [INFO] Cerrando conexiones...
INFO:     Application shutdown complete.
INFO:     Finished server process [3908403]
INFO:     Started server process [917372]
INFO:     Waiting for application startup.
2026-04-03 04:27:26,347 [INFO] Verificando/Creando tablas de Base de Datos...
INFO:     Application startup complete.
WARNING:  WatchFiles detected changes in 'src/api/schemas/api_models.py'. Reloading...
INFO:     Shutting down
INFO:     Waiting for application shutdown.
2026-04-03 06:54:56,104 [INFO] Cerrando conexiones...
INFO:     Application shutdown complete.
INFO:     Finished server process [917372]
INFO:     Started server process [1735117]
INFO:     Waiting for application startup.
2026-04-03 06:55:03,546 [INFO] Verificando/Creando tablas de Base de Datos...
INFO:     Application startup complete.
WARNING:  WatchFiles detected changes in 'src/api/routers/ftp.py'. Reloading...
INFO:     Shutting down
INFO:     Waiting for application shutdown.
2026-04-03 07:04:22,125 [INFO] Cerrando conexiones...
INFO:     Application shutdown complete.
INFO:     Finished server process [1735117]
INFO:     Started server process [1875906]
INFO:     Waiting for application startup.
2026-04-03 07:04:27,277 [INFO] Verificando/Creando tablas de Base de Datos...
INFO:     Application startup complete.
WARNING:  WatchFiles detected changes in 'test_min_length.py'. Reloading...
INFO:     Shutting down
INFO:     Waiting for application shutdown.
2026-04-03 07:07:41,664 [INFO] Cerrando conexiones...
INFO:     Application shutdown complete.
INFO:     Finished server process [1875906]
INFO:     Started server process [1919020]
INFO:     Waiting for application startup.
2026-04-03 07:07:45,427 [INFO] Verificando/Creando tablas de Base de Datos...
INFO:     Application startup complete.
WARNING:  WatchFiles detected changes in 'src/api/main.py'. Reloading...
INFO:     Shutting down
INFO:     Waiting for application shutdown.
2026-04-03 07:14:09,992 [INFO] Cerrando conexiones...
INFO:     Application shutdown complete.
INFO:     Finished server process [1919020]
INFO:     Started server process [2018605]
INFO:     Waiting for application startup.
2026-04-03 07:14:13,777 [INFO] Verificando/Creando tablas de Base de Datos...
INFO:     Application startup complete.
WARNING:  WatchFiles detected changes in 'src/api/routers/auth.py'. Reloading...
INFO:     Shutting down
INFO:     Waiting for application shutdown.
2026-04-03 07:24:14,802 [INFO] Cerrando conexiones...
INFO:     Application shutdown complete.
INFO:     Finished server process [2018605]
INFO:     Started server process [2142045]
INFO:     Waiting for application startup.
2026-04-03 07:24:18,548 [INFO] Verificando/Creando tablas de Base de Datos...
INFO:     Application startup complete.
WARNING:  WatchFiles detected changes in 'src/api/schemas/api_models.py'. Reloading...
INFO:     Shutting down
INFO:     Waiting for application shutdown.
2026-04-03 08:42:51,464 [INFO] Cerrando conexiones...
INFO:     Application shutdown complete.
INFO:     Finished server process [2142045]
INFO:     Started server process [2714321]
INFO:     Waiting for application startup.
2026-04-03 08:42:59,570 [INFO] Verificando/Creando tablas de Base de Datos...
INFO:     Application startup complete.
WARNING:  WatchFiles detected changes in 'src/db/models.py'. Reloading...
INFO:     Shutting down
INFO:     Waiting for application shutdown.
2026-04-03 08:44:32,620 [INFO] Cerrando conexiones...
INFO:     Application shutdown complete.
INFO:     Finished server process [2714321]
INFO:     Started server process [2740940]
INFO:     Waiting for application startup.
2026-04-03 08:44:36,863 [INFO] Verificando/Creando tablas de Base de Datos...
INFO:     Application startup complete.
WARNING:  WatchFiles detected changes in 'src/api/schemas/api_models.py'. Reloading...
INFO:     Shutting down
INFO:     Waiting for application shutdown.
2026-04-03 08:47:16,075 [INFO] Cerrando conexiones...
INFO:     Application shutdown complete.
INFO:     Finished server process [2740940]
INFO:     Started server process [2766195]
INFO:     Waiting for application startup.
2026-04-03 08:47:20,139 [INFO] Verificando/Creando tablas de Base de Datos...
INFO:     Application startup complete.
WARNING:  WatchFiles detected changes in 'crear_admin.py'. Reloading...
INFO:     Shutting down
INFO:     Waiting for application shutdown.
2026-04-03 08:51:26,642 [INFO] Cerrando conexiones...
INFO:     Application shutdown complete.
INFO:     Finished server process [2766195]
INFO:     Started server process [2817397]
INFO:     Waiting for application startup.
2026-04-03 08:51:30,499 [INFO] Verificando/Creando tablas de Base de Datos...
INFO:     Application startup complete.
WARNING:  WatchFiles detected changes in 'src/api/routers/ftp.py'. Reloading...
INFO:     Shutting down
INFO:     Waiting for application shutdown.
2026-04-03 08:58:55,480 [INFO] Cerrando conexiones...
INFO:     Application shutdown complete.
INFO:     Finished server process [2817397]
INFO:     Started server process [2901996]
INFO:     Waiting for application startup.
2026-04-03 08:59:01,970 [INFO] Verificando/Creando tablas de Base de Datos...
INFO:     Application startup complete.
WARNING:  WatchFiles detected changes in 'src/api/routers/ftp.py'. Reloading...
INFO:     Shutting down
INFO:     Waiting for application shutdown.
2026-04-03 09:01:54,596 [INFO] Cerrando conexiones...
INFO:     Application shutdown complete.
INFO:     Finished server process [2901996]
INFO:     Started server process [2931947]
INFO:     Waiting for application startup.
2026-04-03 09:01:58,595 [INFO] Verificando/Creando tablas de Base de Datos...
INFO:     Application startup complete.
WARNING:  WatchFiles detected changes in 'src/api/repositories/user_repository.py'. Reloading...
INFO:     Shutting down
INFO:     Waiting for application shutdown.
2026-04-03 09:14:31,915 [INFO] Cerrando conexiones...
INFO:     Application shutdown complete.
INFO:     Finished server process [2931947]
INFO:     Started server process [3058136]
INFO:     Waiting for application startup.
2026-04-03 09:14:35,752 [INFO] Verificando/Creando tablas de Base de Datos...
INFO:     Application startup complete.
WARNING:  WatchFiles detected changes in 'src/api/main.py'. Reloading...
INFO:     Shutting down
INFO:     Waiting for application shutdown.
2026-04-03 09:17:17,206 [INFO] Cerrando conexiones...
INFO:     Application shutdown complete.
INFO:     Finished server process [3058136]
INFO:     Started server process [3087182]
INFO:     Waiting for application startup.
2026-04-03 09:17:22,038 [INFO] Verificando/Creando tablas de Base de Datos...
2026-04-03 09:17:22,246 [INFO] Migración aplicada: Columna 'ftp_prefix' agregada a users.
INFO:     Application startup complete.
WARNING:  WatchFiles detected changes in 'test_min_length.py'. Reloading...
INFO:     Shutting down
INFO:     Waiting for application shutdown.
2026-04-03 09:25:39,913 [INFO] Cerrando conexiones...
INFO:     Application shutdown complete.
INFO:     Finished server process [3087182]
INFO:     Started server process [3190493]
INFO:     Waiting for application startup.
2026-04-03 09:25:44,166 [INFO] Verificando/Creando tablas de Base de Datos...
INFO:     Application startup complete.
