INFO:     Will watch for changes in these directories: ['/app']
INFO:     Uvicorn running on http://127.0.0.1:8000 (Press CTRL+C to quit)
INFO:     Started reloader process [3383478] using WatchFiles
Iniciando Servidor Coyprot SaaS en http://127.0.0.1:8000
INFO:     Started server process [3383984]
INFO:     Waiting for application startup.
2026-04-02 02:30:12,488 [INFO] Verificando/Creando tablas de Base de Datos...
INFO:     Application startup complete.
WARNING:  WatchFiles detected changes in 'src/api/routers/auth.py'. Reloading...
INFO:     Shutting down
INFO:     Waiting for application shutdown.
2026-04-02 02:34:18,888 [INFO] Cerrando conexiones...
INFO:     Application shutdown complete.
INFO:     Finished server process [3383984]
INFO:     Started server process [3436074]
INFO:     Waiting for application startup.
2026-04-02 02:34:22,648 [INFO] Verificando/Creando tablas de Base de Datos...
INFO:     Application startup complete.
WARNING:  WatchFiles detected changes in 'src/api/main.py'. Reloading...
INFO:     Shutting down
INFO:     Waiting for application shutdown.
2026-04-02 04:46:16,734 [INFO] Cerrando conexiones...
INFO:     Application shutdown complete.
INFO:     Finished server process [3436074]
INFO:     Started server process [3752544]
INFO:     Waiting for application startup.
2026-04-02 04:46:26,430 [INFO] Verificando/Creando tablas de Base de Datos...
INFO:     Application startup complete.
WARNING:  WatchFiles detected changes in 'src/reports/builders/pdf_builder.py'. Reloading...
INFO:     Shutting down
INFO:     Waiting for application shutdown.
2026-04-02 04:53:18,509 [INFO] Cerrando conexiones...
INFO:     Application shutdown complete.
INFO:     Finished server process [3752544]
WARNING:  WatchFiles detected changes in 'src/reports/builders/pdf_builder.py'. Reloading...
INFO:     Started server process [3848326]
INFO:     Waiting for application startup.
2026-04-02 04:53:23,324 [INFO] Verificando/Creando tablas de Base de Datos...
INFO:     Application startup complete.
WARNING:  WatchFiles detected changes in 'src/api/worker/tasks.py'. Reloading...
INFO:     Shutting down
INFO:     Waiting for application shutdown.
2026-04-02 04:59:54,088 [INFO] Cerrando conexiones...
INFO:     Application shutdown complete.
INFO:     Finished server process [3848326]
INFO:     Started server process [3922051]
INFO:     Waiting for application startup.
2026-04-02 04:59:59,280 [INFO] Verificando/Creando tablas de Base de Datos...
INFO:     Application startup complete.
WARNING:  WatchFiles detected changes in 'src/reports/builders/pdf_builder.py'. Reloading...
INFO:     Shutting down
INFO:     Waiting for application shutdown.
2026-04-02 05:57:01,356 [INFO] Cerrando conexiones...
INFO:     Application shutdown complete.
INFO:     Finished server process [3922051]
WARNING:  WatchFiles detected changes in 'src/reports/builders/pdf_builder.py'. Reloading...
INFO:     Started server process [4079504]
INFO:     Waiting for application startup.
2026-04-02 05:57:09,224 [INFO] Verificando/Creando tablas de Base de Datos...
INFO:     Application startup complete.
INFO:     Shutting down
INFO:     Waiting for application shutdown.
2026-04-02 05:57:09,341 [INFO] Cerrando conexiones...
INFO:     Application shutdown complete.
INFO:     Finished server process [4079504]
INFO:     Started server process [4082240]
INFO:     Waiting for application startup.
2026-04-02 05:57:13,942 [INFO] Verificando/Creando tablas de Base de Datos...
INFO:     Application startup complete.
WARNING:  WatchFiles detected changes in 'src/api/schemas/api_models.py'. Reloading...
INFO:     Shutting down
INFO:     Waiting for application shutdown.
2026-04-02 06:02:02,889 [INFO] Cerrando conexiones...
INFO:     Application shutdown complete.
INFO:     Finished server process [4082240]
WARNING:  WatchFiles detected changes in 'src/api/routers/admin.py'. Reloading...
INFO:     Started server process [4146366]
INFO:     Waiting for application startup.
2026-04-02 06:02:08,562 [INFO] Verificando/Creando tablas de Base de Datos...
INFO:     Application startup complete.
INFO:     Shutting down
INFO:     Waiting for application shutdown.
2026-04-02 06:02:08,674 [INFO] Cerrando conexiones...
INFO:     Application shutdown complete.
INFO:     Finished server process [4146366]
INFO:     Started server process [4147733]
INFO:     Waiting for application startup.
2026-04-02 06:02:12,533 [INFO] Verificando/Creando tablas de Base de Datos...
INFO:     Application startup complete.
WARNING:  WatchFiles detected changes in 'src/api/routers/admin.py'. Reloading...
INFO:     Shutting down
INFO:     Waiting for application shutdown.
2026-04-02 06:05:32,092 [INFO] Cerrando conexiones...
INFO:     Application shutdown complete.
INFO:     Finished server process [4147733]
INFO:     Started server process [1160]
INFO:     Waiting for application startup.
2026-04-02 06:05:35,770 [INFO] Verificando/Creando tablas de Base de Datos...
INFO:     Application startup complete.
WARNING:  WatchFiles detected changes in 'src/reports/builders/pdf_builder.py'. Reloading...
INFO:     Shutting down
INFO:     Waiting for application shutdown.
2026-04-02 06:13:08,184 [INFO] Cerrando conexiones...
INFO:     Application shutdown complete.
INFO:     Finished server process [1160]
WARNING:  WatchFiles detected changes in 'src/reports/builders/pdf_builder.py'. Reloading...
INFO:     Started server process [107015]
INFO:     Waiting for application startup.
2026-04-02 06:13:11,981 [INFO] Verificando/Creando tablas de Base de Datos...
INFO:     Application startup complete.
INFO:     Shutting down
INFO:     Waiting for application shutdown.
2026-04-02 06:13:12,092 [INFO] Cerrando conexiones...
INFO:     Application shutdown complete.
INFO:     Finished server process [107015]
WARNING:  WatchFiles detected changes in 'src/reports/builders/pdf_builder.py'. Reloading...
WARNING:  WatchFiles detected changes in 'src/reports/builders/pdf_builder.py'. Reloading...
INFO:     Started server process [110252]
INFO:     Waiting for application startup.
2026-04-02 06:13:16,184 [INFO] Verificando/Creando tablas de Base de Datos...
INFO:     Application startup complete.
INFO:     Shutting down
INFO:     Waiting for application shutdown.
2026-04-02 06:13:16,295 [INFO] Cerrando conexiones...
INFO:     Application shutdown complete.
INFO:     Finished server process [110252]
INFO:     Started server process [111938]
INFO:     Waiting for application startup.
2026-04-02 06:13:20,877 [INFO] Verificando/Creando tablas de Base de Datos...
INFO:     Application startup complete.
